Traceback (most recent call last):
  File "/usr/local/lib/python3.10/dist-packages/jupyter_cache/executors/utils.py", line 58, in single_nb_execution
    executenb(
  File "/usr/local/lib/python3.10/dist-packages/nbclient/client.py", line 1314, in execute
    return NotebookClient(nb=nb, resources=resources, km=km, **kwargs).execute()
  File "/usr/local/lib/python3.10/dist-packages/jupyter_core/utils/__init__.py", line 165, in wrapped
    return loop.run_until_complete(inner)
  File "/usr/lib/python3.10/asyncio/base_events.py", line 649, in run_until_complete
    return future.result()
  File "/usr/local/lib/python3.10/dist-packages/nbclient/client.py", line 709, in async_execute
    await self.async_execute_cell(
  File "/usr/local/lib/python3.10/dist-packages/nbclient/client.py", line 1062, in async_execute_cell
    await self._check_raise_for_error(cell, cell_index, exec_reply)
  File "/usr/local/lib/python3.10/dist-packages/nbclient/client.py", line 918, in _check_raise_for_error
    raise CellExecutionError.from_cell_and_msg(cell, exec_reply_content)
nbclient.exceptions.CellExecutionError: An error occurred while executing the following cell:
------------------
from nltk.tokenize import sent_tokenize
# Step 1: Input Berita
berita = input("Masukkan berita: ")

# Step 2: Pecah berita menjadi kalimat
kalimat_list = sent_tokenize(berita)
kalimat_df = pd.DataFrame(kalimat_list, columns=['Kalimat'])
print("\n=== Hasil Ekstrak Kalimat ===")
print(kalimat_df)
------------------


[0;31m---------------------------------------------------------------------------[0m
[0;31mStdinNotImplementedError[0m                  Traceback (most recent call last)
[0;32m<ipython-input-5-185ad884b117>[0m in [0;36m<cell line: 3>[0;34m()[0m
[1;32m      1[0m [0;32mfrom[0m [0mnltk[0m[0;34m.[0m[0mtokenize[0m [0;32mimport[0m [0msent_tokenize[0m[0;34m[0m[0;34m[0m[0m
[1;32m      2[0m [0;31m# Step 1: Input Berita[0m[0;34m[0m[0;34m[0m[0m
[0;32m----> 3[0;31m [0mberita[0m [0;34m=[0m [0minput[0m[0;34m([0m[0;34m"Masukkan berita: "[0m[0;34m)[0m[0;34m[0m[0;34m[0m[0m
[0m[1;32m      4[0m [0;34m[0m[0m
[1;32m      5[0m [0;31m# Step 2: Pecah berita menjadi kalimat[0m[0;34m[0m[0;34m[0m[0m

[0;32m/usr/local/lib/python3.10/dist-packages/ipykernel/kernelbase.py[0m in [0;36mraw_input[0;34m(self, prompt)[0m
[1;32m    846[0m         """
[1;32m    847[0m         [0;32mif[0m [0;32mnot[0m [0mself[0m[0;34m.[0m[0m_allow_stdin[0m[0;34m:[0m[0;34m[0m[0;34m[0m[0m
[0;32m--> 848[0;31m             raise StdinNotImplementedError(
[0m[1;32m    849[0m                 [0;34m"raw_input was called, but this frontend does not support input requests."[0m[0;34m[0m[0;34m[0m[0m
[1;32m    850[0m             )

[0;31mStdinNotImplementedError[0m: raw_input was called, but this frontend does not support input requests.

